Flow report for Final_Project_Frogger
Thu May 07 00:27:40 2020
Quartus Prime Version 18.0.0 Build 614 04/24/2018 SJ Lite Edition


---------------------
; Table of Contents ;
---------------------
  1. Legal Notice
  2. Flow Summary
  3. Flow Settings
  4. Flow Non-Default Global Settings
  5. Flow Elapsed Time
  6. Flow OS Summary
  7. Flow Log
  8. Flow Messages
  9. Flow Suppressed Messages



----------------
; Legal Notice ;
----------------
Copyright (C) 2018  Intel Corporation. All rights reserved.
Your use of Intel Corporation's design tools, logic functions 
and other software and tools, and its AMPP partner logic 
functions, and any output files from any of the foregoing 
(including device programming or simulation files), and any 
associated documentation or information are expressly subject 
to the terms and conditions of the Intel Program License 
Subscription Agreement, the Intel Quartus Prime License Agreement,
the Intel FPGA IP License Agreement, or other applicable license
agreement, including, without limitation, that your use is for
the sole purpose of programming logic devices manufactured by
Intel and sold by Intel or its authorized distributors.  Please
refer to the applicable agreement for further details.



+----------------------------------------------------------------------------------+
; Flow Summary                                                                     ;
+------------------------------------+---------------------------------------------+
; Flow Status                        ; Successful - Thu May 07 00:27:40 2020       ;
; Quartus Prime Version              ; 18.0.0 Build 614 04/24/2018 SJ Lite Edition ;
; Revision Name                      ; Final_Project_Frogger                       ;
; Top-level Entity Name              ; Frogger_Top                                 ;
; Family                             ; Cyclone IV E                                ;
; Device                             ; EP4CE115F29C7                               ;
; Timing Models                      ; Final                                       ;
; Total logic elements               ; 22,036 / 114,480 ( 19 % )                   ;
;     Total combinational functions  ; 21,379 / 114,480 ( 19 % )                   ;
;     Dedicated logic registers      ; 2,537 / 114,480 ( 2 % )                     ;
; Total registers                    ; 2656                                        ;
; Total pins                         ; 170 / 529 ( 32 % )                          ;
; Total virtual pins                 ; 0                                           ;
; Total memory bits                  ; 11,392 / 3,981,312 ( < 1 % )                ;
; Embedded Multiplier 9-bit elements ; 0 / 532 ( 0 % )                             ;
; Total PLLs                         ; 2 / 4 ( 50 % )                              ;
+------------------------------------+---------------------------------------------+


+-------------------------------------------+
; Flow Settings                             ;
+-------------------+-----------------------+
; Option            ; Setting               ;
+-------------------+-----------------------+
; Start date & time ; 05/07/2020 00:21:33   ;
; Main task         ; Compilation           ;
; Revision Name     ; Final_Project_Frogger ;
+-------------------+-----------------------+


+--------------------------------------------------------------------------------------------------------------------------------------------------------------+
; Flow Non-Default Global Settings                                                                                                                             ;
+-------------------------------------+----------------------------------------------------------------+-----------------------+--------------+----------------+
; Assignment Name                     ; Value                                                          ; Default Value         ; Entity Name  ; Section Id     ;
+-------------------------------------+----------------------------------------------------------------+-----------------------+--------------+----------------+
; COMPILER_SIGNATURE_ID               ; 167690710314445.158882889301652                                ; --                    ; --           ; --             ;
; EDA_OUTPUT_DATA_FORMAT              ; Systemverilog Hdl                                              ; --                    ; --           ; eda_simulation ;
; EDA_SIMULATION_TOOL                 ; ModelSim-Altera (SystemVerilog)                                ; <None>                ; --           ; --             ;
; EDA_TIME_SCALE                      ; 1 ps                                                           ; --                    ; --           ; eda_simulation ;
; MAX_CORE_JUNCTION_TEMP              ; 85                                                             ; --                    ; --           ; --             ;
; MIN_CORE_JUNCTION_TEMP              ; 0                                                              ; --                    ; --           ; --             ;
; MISC_FILE                           ; vga_clk.ppf                                                    ; --                    ; --           ; --             ;
; MISC_FILE                           ; frogger_qsys/synthesis/../frogger_qsys.cmp                     ; --                    ; --           ; --             ;
; MISC_FILE                           ; frogger_qsys/synthesis/../../frogger_qsys.qsys                 ; --                    ; --           ; --             ;
; NOMINAL_CORE_SUPPLY_VOLTAGE         ; 1.2V                                                           ; --                    ; --           ; --             ;
; PARTITION_COLOR                     ; -- (Not supported for targeted family)                         ; --                    ; Frogger_Top  ; Top            ;
; PARTITION_FITTER_PRESERVATION_LEVEL ; -- (Not supported for targeted family)                         ; --                    ; Frogger_Top  ; Top            ;
; PARTITION_NETLIST_TYPE              ; -- (Not supported for targeted family)                         ; --                    ; Frogger_Top  ; Top            ;
; POWER_BOARD_THERMAL_MODEL           ; None (CONSERVATIVE)                                            ; --                    ; --           ; --             ;
; POWER_PRESET_COOLING_SOLUTION       ; 23 MM HEAT SINK WITH 200 LFPM AIRFLOW                          ; --                    ; --           ; --             ;
; PROJECT_OUTPUT_DIRECTORY            ; output_files                                                   ; --                    ; --           ; --             ;
; SLD_FILE                            ; frogger_qsys/synthesis/frogger_qsys.regmap                     ; --                    ; --           ; --             ;
; SLD_FILE                            ; frogger_qsys/synthesis/frogger_qsys.debuginfo                  ; --                    ; --           ; --             ;
; SLD_INFO                            ; QSYS_NAME frogger_qsys HAS_SOPCINFO 1 GENERATION_ID 1588023518 ; --                    ; frogger_qsys ; --             ;
; SOPCINFO_FILE                       ; frogger_qsys/synthesis/../../frogger_qsys.sopcinfo             ; --                    ; --           ; --             ;
; SYNTHESIS_ONLY_QIP                  ; On                                                             ; --                    ; --           ; --             ;
; TOP_LEVEL_ENTITY                    ; Frogger_Top                                                    ; Final_Project_Frogger ; --           ; --             ;
+-------------------------------------+----------------------------------------------------------------+-----------------------+--------------+----------------+


+--------------------------------------------------------------------------------------------------------------------------+
; Flow Elapsed Time                                                                                                        ;
+----------------------+--------------+-------------------------+---------------------+------------------------------------+
; Module Name          ; Elapsed Time ; Average Processors Used ; Peak Virtual Memory ; Total CPU Time (on all processors) ;
+----------------------+--------------+-------------------------+---------------------+------------------------------------+
; Analysis & Synthesis ; 00:02:53     ; 1.0                     ; 5019 MB             ; 00:03:12                           ;
; Fitter               ; 00:02:09     ; 1.0                     ; 5660 MB             ; 00:02:54                           ;
; Assembler            ; 00:00:05     ; 1.0                     ; 4743 MB             ; 00:00:05                           ;
; Timing Analyzer      ; 00:00:13     ; 1.2                     ; 5033 MB             ; 00:00:13                           ;
; EDA Netlist Writer   ; 00:00:29     ; 1.0                     ; 4907 MB             ; 00:00:23                           ;
; Total                ; 00:05:49     ; --                      ; --                  ; 00:06:47                           ;
+----------------------+--------------+-------------------------+---------------------+------------------------------------+


+------------------------------------------------------------------------------------+
; Flow OS Summary                                                                    ;
+----------------------+------------------+------------+------------+----------------+
; Module Name          ; Machine Hostname ; OS Name    ; OS Version ; Processor type ;
+----------------------+------------------+------------+------------+----------------+
; Analysis & Synthesis ; DESKTOP-8K0H5NF  ; Windows 10 ; 10.0       ; x86_64         ;
; Fitter               ; DESKTOP-8K0H5NF  ; Windows 10 ; 10.0       ; x86_64         ;
; Assembler            ; DESKTOP-8K0H5NF  ; Windows 10 ; 10.0       ; x86_64         ;
; Timing Analyzer      ; DESKTOP-8K0H5NF  ; Windows 10 ; 10.0       ; x86_64         ;
; EDA Netlist Writer   ; DESKTOP-8K0H5NF  ; Windows 10 ; 10.0       ; x86_64         ;
+----------------------+------------------+------------+------------+----------------+


------------
; Flow Log ;
------------
quartus_map --read_settings_files=on --write_settings_files=off Final_Project_Frogger -c Final_Project_Frogger
quartus_fit --read_settings_files=off --write_settings_files=off Final_Project_Frogger -c Final_Project_Frogger
quartus_asm --read_settings_files=off --write_settings_files=off Final_Project_Frogger -c Final_Project_Frogger
quartus_sta Final_Project_Frogger -c Final_Project_Frogger
quartus_eda --read_settings_files=off --write_settings_files=off Final_Project_Frogger -c Final_Project_Frogger



